<?xml version="1.0" encoding="UTF-8"?>
<coverage generated="1779188076">
  <project timestamp="1779188076" name="Clover Coverage">
    <package name="App\Http\Controllers\Admin">
      <file name="C:\Users\Asus\Desktop\datapet\app\Http\Controllers\Admin\ClientController.php">
        <class name="App\Http\Controllers\Admin\ClientController" namespace="App\Http\Controllers\Admin">
          <metrics complexity="3" methods="2" coveredmethods="0" conditionals="0" coveredconditionals="0" statements="16" coveredstatements="14" elements="18" coveredelements="14"/>
        </class>
        <line num="14" type="method" name="create" visibility="public" complexity="1" crap="2" count="0"/>
        <line num="16" type="stmt" count="0"/>
        <line num="19" type="method" name="store" visibility="public" complexity="2" crap="2.00" count="1"/>
        <line num="21" type="stmt" count="1"/>
        <line num="23" type="stmt" count="1"/>
        <line num="24" type="stmt" count="1"/>
        <line num="25" type="stmt" count="1"/>
        <line num="26" type="stmt" count="1"/>
        <line num="27" type="stmt" count="1"/>
        <line num="28" type="stmt" count="1"/>
        <line num="29" type="stmt" count="1"/>
        <line num="30" type="stmt" count="1"/>
        <line num="31" type="stmt" count="1"/>
        <line num="32" type="stmt" count="1"/>
        <line num="33" type="stmt" count="1"/>
        <line num="35" type="stmt" count="1"/>
        <line num="36" type="stmt" count="0"/>
        <line num="39" type="stmt" count="1"/>
        <metrics loc="42" ncloc="42" classes="1" methods="2" coveredmethods="0" conditionals="0" coveredconditionals="0" statements="16" coveredstatements="14" elements="18" coveredelements="14"/>
      </file>
      <file name="C:\Users\Asus\Desktop\datapet\app\Http\Controllers\Admin\DoctorTaskController.php">
        <class name="App\Http\Controllers\Admin\DoctorTaskController" namespace="App\Http\Controllers\Admin">
          <metrics complexity="52" methods="13" coveredmethods="9" conditionals="0" coveredconditionals="0" statements="216" coveredstatements="181" elements="229" coveredelements="190"/>
        </class>
        <line num="25" type="method" name="index" visibility="public" complexity="4" crap="4" count="7"/>
        <line num="27" type="stmt" count="7"/>
        <line num="29" type="stmt" count="5"/>
        <line num="31" type="stmt" count="5"/>
        <line num="32" type="stmt" count="5"/>
        <line num="35" type="stmt" count="5"/>
        <line num="36" type="stmt" count="5"/>
        <line num="37" type="stmt" count="0"/>
        <line num="38" type="stmt" count="5"/>
        <line num="41" type="stmt" count="5"/>
        <line num="44" type="stmt" count="5"/>
        <line num="45" type="stmt" count="5"/>
        <line num="46" type="stmt" count="5"/>
        <line num="47" type="stmt" count="5"/>
        <line num="48" type="stmt" count="5"/>
        <line num="49" type="stmt" count="5"/>
        <line num="50" type="stmt" count="5"/>
        <line num="51" type="stmt" count="5"/>
        <line num="52" type="stmt" count="5"/>
        <line num="53" type="stmt" count="5"/>
        <line num="56" type="stmt" count="5"/>
        <line num="57" type="stmt" count="5"/>
        <line num="58" type="stmt" count="5"/>
        <line num="59" type="stmt" count="0"/>
        <line num="60" type="stmt" count="5"/>
        <line num="61" type="stmt" count="5"/>
        <line num="62" type="stmt" count="5"/>
        <line num="63" type="stmt" count="5"/>
        <line num="64" type="stmt" count="5"/>
        <line num="65" type="stmt" count="5"/>
        <line num="66" type="stmt" count="5"/>
        <line num="67" type="stmt" count="5"/>
        <line num="68" type="stmt" count="5"/>
        <line num="69" type="stmt" count="5"/>
        <line num="70" type="stmt" count="5"/>
        <line num="73" type="stmt" count="5"/>
        <line num="75" type="stmt" count="5"/>
        <line num="76" type="stmt" count="5"/>
        <line num="77" type="stmt" count="5"/>
        <line num="78" type="stmt" count="5"/>
        <line num="79" type="stmt" count="5"/>
        <line num="80" type="stmt" count="5"/>
        <line num="81" type="stmt" count="5"/>
        <line num="84" type="method" name="applyTaskStatusFilter" visibility="private" complexity="4" crap="15.85" count="5"/>
        <line num="86" type="stmt" count="5"/>
        <line num="87" type="stmt" count="5"/>
        <line num="90" type="stmt" count="0"/>
        <line num="91" type="stmt" count="0"/>
        <line num="92" type="stmt" count="0"/>
        <line num="93" type="stmt" count="0"/>
        <line num="94" type="stmt" count="0"/>
        <line num="95" type="stmt" count="0"/>
        <line num="96" type="stmt" count="0"/>
        <line num="97" type="stmt" count="0"/>
        <line num="98" type="stmt" count="0"/>
        <line num="99" type="stmt" count="0"/>
        <line num="101" type="stmt" count="0"/>
        <line num="104" type="stmt" count="0"/>
        <line num="105" type="stmt" count="0"/>
        <line num="106" type="stmt" count="0"/>
        <line num="107" type="stmt" count="0"/>
        <line num="108" type="stmt" count="0"/>
        <line num="109" type="stmt" count="0"/>
        <line num="111" type="stmt" count="0"/>
        <line num="114" type="stmt" count="0"/>
        <line num="117" type="method" name="getPriorityOrderExpression" visibility="private" complexity="2" crap="2" count="5"/>
        <line num="119" type="stmt" count="5"/>
        <line num="120" type="stmt" count="5"/>
        <line num="121" type="stmt" count="5"/>
        <line num="124" type="method" name="updateStatus" visibility="public" complexity="1" crap="1" count="3"/>
        <line num="126" type="stmt" count="3"/>
        <line num="128" type="stmt" count="3"/>
        <line num="129" type="stmt" count="3"/>
        <line num="130" type="stmt" count="3"/>
        <line num="132" type="stmt" count="3"/>
        <line num="134" type="stmt" count="3"/>
        <line num="137" type="method" name="updateOwnStatus" visibility="public" complexity="4" crap="4" count="2"/>
        <line num="140" type="stmt" count="2"/>
        <line num="141" type="stmt" count="1"/>
        <line num="144" type="stmt" count="1"/>
        <line num="145" type="stmt" count="1"/>
        <line num="146" type="stmt" count="1"/>
        <line num="148" type="stmt" count="1"/>
        <line num="149" type="stmt" count="1"/>
        <line num="150" type="stmt" count="1"/>
        <line num="152" type="stmt" count="1"/>
        <line num="154" type="stmt" count="1"/>
        <line num="157" type="method" name="destroy" visibility="public" complexity="1" crap="1" count="1"/>
        <line num="159" type="stmt" count="1"/>
        <line num="161" type="stmt" count="1"/>
        <line num="163" type="stmt" count="1"/>
        <line num="166" type="method" name="ensureAdmin" visibility="private" complexity="3" crap="3" count="10"/>
        <line num="168" type="stmt" count="10"/>
        <line num="169" type="stmt" count="2"/>
        <line num="173" type="method" name="syncAutomaticTasks" visibility="private" complexity="5" crap="5" count="5"/>
        <line num="175" type="stmt" count="5"/>
        <line num="176" type="stmt" count="5"/>
        <line num="178" type="stmt" count="5"/>
        <line num="179" type="stmt" count="5"/>
        <line num="181" type="stmt" count="5"/>
        <line num="182" type="stmt" count="5"/>
        <line num="183" type="stmt" count="3"/>
        <line num="184" type="stmt" count="3"/>
        <line num="187" type="stmt" count="5"/>
        <line num="188" type="stmt" count="5"/>
        <line num="189" type="stmt" count="1"/>
        <line num="190" type="stmt" count="1"/>
        <line num="193" type="stmt" count="5"/>
        <line num="194" type="stmt" count="5"/>
        <line num="195" type="stmt" count="5"/>
        <line num="197" type="stmt" count="5"/>
        <line num="198" type="stmt" count="4"/>
        <line num="201" type="stmt" count="5"/>
        <line num="208" type="method" name="upsertSystemTask" visibility="private" complexity="3" crap="3.03" count="4"/>
        <line num="210" type="stmt" count="4"/>
        <line num="213" type="stmt" count="4"/>
        <line num="214" type="stmt" count="0"/>
        <line num="217" type="stmt" count="4"/>
        <line num="218" type="stmt" count="4"/>
        <line num="219" type="stmt" count="4"/>
        <line num="220" type="stmt" count="4"/>
        <line num="226" type="method" name="buildUnreviewedExamTasks" visibility="private" complexity="5" crap="5" count="5"/>
        <line num="228" type="stmt" count="5"/>
        <line num="229" type="stmt" count="5"/>
        <line num="230" type="stmt" count="5"/>
        <line num="231" type="stmt" count="5"/>
        <line num="232" type="stmt" count="5"/>
        <line num="233" type="stmt" count="5"/>
        <line num="234" type="stmt" count="5"/>
        <line num="236" type="stmt" count="5"/>
        <line num="237" type="stmt" count="5"/>
        <line num="238" type="stmt" count="3"/>
        <line num="239" type="stmt" count="3"/>
        <line num="241" type="stmt" count="3"/>
        <line num="242" type="stmt" count="3"/>
        <line num="243" type="stmt" count="3"/>
        <line num="244" type="stmt" count="3"/>
        <line num="245" type="stmt" count="3"/>
        <line num="246" type="stmt" count="3"/>
        <line num="247" type="stmt" count="3"/>
        <line num="248" type="stmt" count="3"/>
        <line num="249" type="stmt" count="3"/>
        <line num="250" type="stmt" count="3"/>
        <line num="251" type="stmt" count="3"/>
        <line num="252" type="stmt" count="3"/>
        <line num="253" type="stmt" count="3"/>
        <line num="257" type="stmt" count="5"/>
        <line num="263" type="method" name="resolveTargetDoctorIdsForExam" visibility="private" complexity="8" crap="49.66" count="3"/>
        <line num="265" type="stmt" count="3"/>
        <line num="266" type="stmt" count="3"/>
        <line num="269" type="stmt" count="0"/>
        <line num="271" type="stmt" count="0"/>
        <line num="272" type="stmt" count="0"/>
        <line num="275" type="stmt" count="0"/>
        <line num="276" type="stmt" count="0"/>
        <line num="277" type="stmt" count="0"/>
        <line num="278" type="stmt" count="0"/>
        <line num="281" type="stmt" count="0"/>
        <line num="282" type="stmt" count="0"/>
        <line num="283" type="stmt" count="0"/>
        <line num="284" type="stmt" count="0"/>
        <line num="285" type="stmt" count="0"/>
        <line num="287" type="stmt" count="0"/>
        <line num="293" type="method" name="buildIncompleteRecordTasks" visibility="private" complexity="5" crap="5" count="5"/>
        <line num="295" type="stmt" count="5"/>
        <line num="296" type="stmt" count="5"/>
        <line num="297" type="stmt" count="5"/>
        <line num="298" type="stmt" count="5"/>
        <line num="299" type="stmt" count="5"/>
        <line num="300" type="stmt" count="5"/>
        <line num="301" type="stmt" count="5"/>
        <line num="302" type="stmt" count="5"/>
        <line num="303" type="stmt" count="5"/>
        <line num="304" type="stmt" count="5"/>
        <line num="305" type="stmt" count="5"/>
        <line num="307" type="stmt" count="5"/>
        <line num="308" type="stmt" count="5"/>
        <line num="309" type="stmt" count="1"/>
        <line num="311" type="stmt" count="1"/>
        <line num="312" type="stmt" count="1"/>
        <line num="313" type="stmt" count="1"/>
        <line num="314" type="stmt" count="1"/>
        <line num="315" type="stmt" count="1"/>
        <line num="316" type="stmt" count="1"/>
        <line num="317" type="stmt" count="1"/>
        <line num="318" type="stmt" count="1"/>
        <line num="319" type="stmt" count="1"/>
        <line num="320" type="stmt" count="1"/>
        <line num="321" type="stmt" count="1"/>
        <line num="322" type="stmt" count="1"/>
        <line num="323" type="stmt" count="1"/>
        <line num="326" type="stmt" count="1"/>
        <line num="327" type="stmt" count="1"/>
        <line num="328" type="stmt" count="1"/>
        <line num="329" type="stmt" count="1"/>
        <line num="330" type="stmt" count="1"/>
        <line num="331" type="stmt" count="1"/>
        <line num="332" type="stmt" count="1"/>
        <line num="333" type="stmt" count="1"/>
        <line num="334" type="stmt" count="1"/>
        <line num="335" type="stmt" count="1"/>
        <line num="336" type="stmt" count="1"/>
        <line num="337" type="stmt" count="1"/>
        <line num="338" type="stmt" count="1"/>
        <line num="341" type="stmt" count="1"/>
        <line num="342" type="stmt" count="1"/>
        <line num="343" type="stmt" count="1"/>
        <line num="344" type="stmt" count="1"/>
        <line num="345" type="stmt" count="1"/>
        <line num="346" type="stmt" count="1"/>
        <line num="347" type="stmt" count="1"/>
        <line num="348" type="stmt" count="1"/>
        <line num="349" type="stmt" count="1"/>
        <line num="350" type="stmt" count="1"/>
        <line num="351" type="stmt" count="1"/>
        <line num="352" type="stmt" count="1"/>
        <line num="353" type="stmt" count="1"/>
        <line num="357" type="stmt" count="5"/>
        <line num="363" type="method" name="handleTaskCompletion" visibility="private" complexity="7" crap="7" count="4"/>
        <line num="365" type="stmt" count="4"/>
        <line num="366" type="stmt" count="4"/>
        <line num="367" type="stmt" count="2"/>
        <line num="368" type="stmt" count="2"/>
        <line num="369" type="stmt" count="1"/>
        <line num="370" type="stmt" count="1"/>
        <line num="371" type="stmt" count="1"/>
        <line num="372" type="stmt" count="1"/>
        <line num="374" type="stmt" count="1"/>
        <line num="375" type="stmt" count="1"/>
        <metrics loc="382" ncloc="359" classes="1" methods="13" coveredmethods="9" conditionals="0" coveredconditionals="0" statements="216" coveredstatements="181" elements="229" coveredelements="190"/>
      </file>
      <file name="C:\Users\Asus\Desktop\datapet\app\Http\Controllers\Admin\UserController.php">
        <class name="App\Http\Controllers\Admin\UserController" namespace="App\Http\Controllers\Admin">
          <metrics complexity="18" methods="6" coveredmethods="1" conditionals="0" coveredconditionals="0" statements="77" coveredstatements="38" elements="83" coveredelements="39"/>
        </class>
        <line num="19" type="method" name="index" visibility="public" complexity="4" crap="4.28" count="1"/>
        <line num="21" type="stmt" count="1"/>
        <line num="22" type="stmt" count="1"/>
        <line num="23" type="stmt" count="1"/>
        <line num="24" type="stmt" count="1"/>
        <line num="25" type="stmt" count="1"/>
        <line num="27" type="stmt" count="1"/>
        <line num="28" type="stmt" count="1"/>
        <line num="29" type="stmt" count="1"/>
        <line num="32" type="stmt" count="1"/>
        <line num="33" type="stmt" count="0"/>
        <line num="34" type="stmt" count="0"/>
        <line num="35" type="stmt" count="0"/>
        <line num="36" type="stmt" count="0"/>
        <line num="37" type="stmt" count="0"/>
        <line num="38" type="stmt" count="0"/>
        <line num="42" type="stmt" count="1"/>
        <line num="43" type="stmt" count="0"/>
        <line num="46" type="stmt" count="1"/>
        <line num="47" type="stmt" count="1"/>
        <line num="48" type="stmt" count="1"/>
        <line num="50" type="stmt" count="1"/>
        <line num="51" type="stmt" count="1"/>
        <line num="52" type="stmt" count="1"/>
        <line num="53" type="stmt" count="1"/>
        <line num="54" type="stmt" count="1"/>
        <line num="55" type="stmt" count="1"/>
        <line num="57" type="stmt" count="1"/>
        <line num="63" type="method" name="store" visibility="public" complexity="3" crap="3" count="1"/>
        <line num="67" type="stmt" count="1"/>
        <line num="70" type="stmt" count="1"/>
        <line num="71" type="stmt" count="1"/>
        <line num="72" type="stmt" count="1"/>
        <line num="73" type="stmt" count="1"/>
        <line num="75" type="stmt" count="1"/>
        <line num="76" type="stmt" count="1"/>
        <line num="77" type="stmt" count="1"/>
        <line num="78" type="stmt" count="1"/>
        <line num="79" type="stmt" count="1"/>
        <line num="80" type="stmt" count="1"/>
        <line num="81" type="stmt" count="1"/>
        <line num="82" type="stmt" count="1"/>
        <line num="83" type="stmt" count="1"/>
        <line num="85" type="stmt" count="1"/>
        <line num="86" type="stmt" count="1"/>
        <line num="92" type="method" name="edit" visibility="public" complexity="2" crap="6" count="0"/>
        <line num="94" type="stmt" count="0"/>
        <line num="95" type="stmt" count="0"/>
        <line num="98" type="stmt" count="0"/>
        <line num="99" type="stmt" count="0"/>
        <line num="100" type="stmt" count="0"/>
        <line num="101" type="stmt" count="0"/>
        <line num="102" type="stmt" count="0"/>
        <line num="104" type="stmt" count="0"/>
        <line num="110" type="method" name="update" visibility="public" complexity="5" crap="30" count="0"/>
        <line num="112" type="stmt" count="0"/>
        <line num="113" type="stmt" count="0"/>
        <line num="118" type="stmt" count="0"/>
        <line num="120" type="stmt" count="0"/>
        <line num="121" type="stmt" count="0"/>
        <line num="122" type="stmt" count="0"/>
        <line num="123" type="stmt" count="0"/>
        <line num="125" type="stmt" count="0"/>
        <line num="126" type="stmt" count="0"/>
        <line num="127" type="stmt" count="0"/>
        <line num="128" type="stmt" count="0"/>
        <line num="130" type="stmt" count="0"/>
        <line num="131" type="stmt" count="0"/>
        <line num="134" type="stmt" count="0"/>
        <line num="136" type="stmt" count="0"/>
        <line num="137" type="stmt" count="0"/>
        <line num="143" type="method" name="toggleStatus" visibility="public" complexity="2" crap="6" count="0"/>
        <line num="145" type="stmt" count="0"/>
        <line num="146" type="stmt" count="0"/>
        <line num="148" type="stmt" count="0"/>
        <line num="150" type="stmt" count="0"/>
        <line num="151" type="stmt" count="0"/>
        <line num="157" type="method" name="destroy" visibility="public" complexity="2" crap="2.86" count="1"/>
        <line num="160" type="stmt" count="1"/>
        <line num="161" type="stmt" count="1"/>
        <line num="164" type="stmt" count="0"/>
        <line num="166" type="stmt" count="0"/>
        <line num="167" type="stmt" count="0"/>
        <metrics loc="170" ncloc="145" classes="1" methods="6" coveredmethods="1" conditionals="0" coveredconditionals="0" statements="77" coveredstatements="38" elements="83" coveredelements="39"/>
      </file>
    </package>
    <package name="App\Http\Controllers">
      <file name="C:\Users\Asus\Desktop\datapet\app\Http\Controllers\AdoptionController.php">
        <class name="App\Http\Controllers\AdoptionController" namespace="App\Http\Controllers">
          <metrics complexity="17" methods="11" coveredmethods="6" conditionals="0" coveredconditionals="0" statements="60" coveredstatements="43" elements="71" coveredelements="49"/>
        </class>
        <line num="15" type="method" name="index" visibility="public" complexity="1" crap="2" count="0"/>
        <line num="17" type="stmt" count="0"/>
        <line num="18" type="stmt" count="0"/>
        <line num="20" type="stmt" count="0"/>
        <line num="23" type="method" name="show" visibility="public" complexity="2" crap="6" count="0"/>
        <line num="25" type="stmt" count="0"/>
        <line num="26" type="stmt" count="0"/>
        <line num="29" type="stmt" count="0"/>
        <line num="30" type="stmt" count="0"/>
        <line num="32" type="stmt" count="0"/>
        <line num="35" type="method" name="store" visibility="public" complexity="1" crap="2" count="0"/>
        <line num="37" type="stmt" count="0"/>
        <line num="38" type="stmt" count="0"/>
        <line num="39" type="stmt" count="0"/>
        <line num="41" type="stmt" count="0"/>
        <line num="43" type="stmt" count="0"/>
        <line num="44" type="stmt" count="0"/>
        <line num="47" type="method" name="adminIndex" visibility="public" complexity="1" crap="1" count="2"/>
        <line num="49" type="stmt" count="2"/>
        <line num="51" type="stmt" count="1"/>
        <line num="52" type="stmt" count="1"/>
        <line num="53" type="stmt" count="1"/>
        <line num="54" type="stmt" count="1"/>
        <line num="56" type="stmt" count="1"/>
        <line num="57" type="stmt" count="1"/>
        <line num="58" type="stmt" count="1"/>
        <line num="59" type="stmt" count="1"/>
        <line num="61" type="stmt" count="1"/>
        <line num="64" type="method" name="edit" visibility="public" complexity="1" crap="1" count="2"/>
        <line num="66" type="stmt" count="2"/>
        <line num="68" type="stmt" count="1"/>
        <line num="69" type="stmt" count="1"/>
        <line num="71" type="stmt" count="1"/>
        <line num="74" type="method" name="updatePet" visibility="public" complexity="4" crap="4.02" count="2"/>
        <line num="76" type="stmt" count="2"/>
        <line num="78" type="stmt" count="1"/>
        <line num="81" type="stmt" count="1"/>
        <line num="84" type="stmt" count="1"/>
        <line num="86" type="stmt" count="1"/>
        <line num="87" type="stmt" count="0"/>
        <line num="89" type="stmt" count="1"/>
        <line num="92" type="stmt" count="1"/>
        <line num="94" type="stmt" count="1"/>
        <line num="95" type="stmt" count="1"/>
        <line num="98" type="method" name="approve" visibility="public" complexity="1" crap="1" count="1"/>
        <line num="100" type="stmt" count="1"/>
        <line num="102" type="stmt" count="1"/>
        <line num="103" type="stmt" count="1"/>
        <line num="105" type="stmt" count="1"/>
        <line num="108" type="method" name="reject" visibility="public" complexity="1" crap="1" count="1"/>
        <line num="110" type="stmt" count="1"/>
        <line num="112" type="stmt" count="1"/>
        <line num="113" type="stmt" count="1"/>
        <line num="115" type="stmt" count="1"/>
        <line num="118" type="method" name="create" visibility="public" complexity="1" crap="2" count="0"/>
        <line num="120" type="stmt" count="0"/>
        <line num="122" type="stmt" count="0"/>
        <line num="125" type="method" name="storePet" visibility="public" complexity="2" crap="2" count="1"/>
        <line num="127" type="stmt" count="1"/>
        <line num="129" type="stmt" count="1"/>
        <line num="132" type="stmt" count="1"/>
        <line num="135" type="stmt" count="1"/>
        <line num="136" type="stmt" count="1"/>
        <line num="140" type="stmt" count="1"/>
        <line num="142" type="stmt" count="1"/>
        <line num="144" type="stmt" count="1"/>
        <line num="145" type="stmt" count="1"/>
        <line num="148" type="method" name="ensureAdmin" visibility="private" complexity="2" crap="2" count="6"/>
        <line num="150" type="stmt" count="6"/>
        <line num="152" type="stmt" count="6"/>
        <line num="153" type="stmt" count="1"/>
        <metrics loc="157" ncloc="151" classes="1" methods="11" coveredmethods="6" conditionals="0" coveredconditionals="0" statements="60" coveredstatements="43" elements="71" coveredelements="49"/>
      </file>
      <file name="C:\Users\Asus\Desktop\datapet\app\Http\Controllers\AppointmentController.php">
        <class name="App\Http\Controllers\AppointmentController" namespace="App\Http\Controllers">
          <metrics complexity="12" methods="5" coveredmethods="3" conditionals="0" coveredconditionals="0" statements="52" coveredstatements="23" elements="57" coveredelements="26"/>
        </class>
        <line num="20" type="method" name="index" visibility="public" complexity="5" crap="30" count="0"/>
        <line num="22" type="stmt" count="0"/>
        <line num="23" type="stmt" count="0"/>
        <line num="24" type="stmt" count="0"/>
        <line num="25" type="stmt" count="0"/>
        <line num="27" type="stmt" count="0"/>
        <line num="28" type="stmt" count="0"/>
        <line num="29" type="stmt" count="0"/>
        <line num="30" type="stmt" count="0"/>
        <line num="31" type="stmt" count="0"/>
        <line num="32" type="stmt" count="0"/>
        <line num="33" type="stmt" count="0"/>
        <line num="34" type="stmt" count="0"/>
        <line num="35" type="stmt" count="0"/>
        <line num="36" type="stmt" count="0"/>
        <line num="37" type="stmt" count="0"/>
        <line num="38" type="stmt" count="0"/>
        <line num="39" type="stmt" count="0"/>
        <line num="40" type="stmt" count="0"/>
        <line num="41" type="stmt" count="0"/>
        <line num="42" type="stmt" count="0"/>
        <line num="43" type="stmt" count="0"/>
        <line num="45" type="stmt" count="0"/>
        <line num="48" type="stmt" count="0"/>
        <line num="49" type="stmt" count="0"/>
        <line num="50" type="stmt" count="0"/>
        <line num="51" type="stmt" count="0"/>
        <line num="53" type="stmt" count="0"/>
        <line num="56" type="method" name="store" visibility="public" complexity="1" crap="1" count="2"/>
        <line num="58" type="stmt" count="2"/>
        <line num="60" type="stmt" count="2"/>
        <line num="62" type="stmt" count="2"/>
        <line num="65" type="method" name="update" visibility="public" complexity="1" crap="1" count="1"/>
        <line num="67" type="stmt" count="1"/>
        <line num="69" type="stmt" count="1"/>
        <line num="72" type="method" name="destroy" visibility="public" complexity="1" crap="2" count="0"/>
        <line num="74" type="stmt" count="0"/>
        <line num="76" type="stmt" count="0"/>
        <line num="79" type="method" name="enviarRecordatorio" visibility="private" complexity="4" crap="4" count="2"/>
        <line num="81" type="stmt" count="2"/>
        <line num="82" type="stmt" count="2"/>
        <line num="84" type="stmt" count="2"/>
        <line num="85" type="stmt" count="1"/>
        <line num="88" type="stmt" count="1"/>
        <line num="89" type="stmt" count="1"/>
        <line num="90" type="stmt" count="1"/>
        <line num="92" type="stmt" count="1"/>
        <line num="93" type="stmt" count="1"/>
        <line num="95" type="stmt" count="1"/>
        <line num="96" type="stmt" count="1"/>
        <line num="97" type="stmt" count="1"/>
        <line num="98" type="stmt" count="1"/>
        <line num="99" type="stmt" count="1"/>
        <line num="100" type="stmt" count="1"/>
        <line num="101" type="stmt" count="1"/>
        <line num="102" type="stmt" count="1"/>
        <line num="103" type="stmt" count="1"/>
        <metrics loc="105" ncloc="105" classes="1" methods="5" coveredmethods="3" conditionals="0" coveredconditionals="0" statements="52" coveredstatements="23" elements="57" coveredelements="26"/>
      </file>
      <file name="C:\Users\Asus\Desktop\datapet\app\Http\Controllers\AppointmentReminderController.php">
        <class name="App\Http\Controllers\AppointmentReminderController" namespace="App\Http\Controllers">
          <metrics complexity="4" methods="2" coveredmethods="2" conditionals="0" coveredconditionals="0" statements="9" coveredstatements="9" elements="11" coveredelements="11"/>
        </class>
        <line num="12" type="method" name="destroy" visibility="public" complexity="2" crap="2" count="3"/>
        <line num="14" type="stmt" count="3"/>
        <line num="16" type="stmt" count="3"/>
        <line num="17" type="stmt" count="1"/>
        <line num="20" type="stmt" count="2"/>
        <line num="22" type="stmt" count="2"/>
        <line num="25" type="method" name="dismiss" visibility="public" complexity="2" crap="2" count="2"/>
        <line num="27" type="stmt" count="2"/>
        <line num="28" type="stmt" count="1"/>
        <line num="31" type="stmt" count="1"/>
        <line num="33" type="stmt" count="1"/>
        <metrics loc="35" ncloc="34" classes="1" methods="2" coveredmethods="2" conditionals="0" coveredconditionals="0" statements="9" coveredstatements="9" elements="11" coveredelements="11"/>
      </file>
      <file name="C:\Users\Asus\Desktop\datapet\app\Http\Controllers\Controller.php">
        <class name="App\Http\Controllers\Controller" namespace="App\Http\Controllers">
          <metrics complexity="0" methods="0" coveredmethods="0" conditionals="0" coveredconditionals="0" statements="0" coveredstatements="0" elements="0" coveredelements="0"/>
        </class>
        <metrics loc="13" ncloc="13" classes="0" methods="0" coveredmethods="0" conditionals="0" coveredconditionals="0" statements="0" coveredstatements="0" elements="0" coveredelements="0"/>
      </file>
      <file name="C:\Users\Asus\Desktop\datapet\app\Http\Controllers\DashboardController.php">
        <class name="App\Http\Controllers\DashboardController" namespace="App\Http\Controllers">
          <metrics complexity="7" methods="1" coveredmethods="0" conditionals="0" coveredconditionals="0" statements="132" coveredstatements="131" elements="133" coveredelements="131"/>
        </class>
        <line num="14" type="method" name="index" visibility="public" complexity="7" crap="7" count="8"/>
        <line num="16" type="stmt" count="8"/>
        <line num="18" type="stmt" count="8"/>
        <line num="19" type="stmt" count="2"/>
        <line num="20" type="stmt" count="2"/>
        <line num="21" type="stmt" count="2"/>
        <line num="22" type="stmt" count="2"/>
        <line num="24" type="stmt" count="2"/>
        <line num="25" type="stmt" count="2"/>
        <line num="26" type="stmt" count="2"/>
        <line num="27" type="stmt" count="2"/>
        <line num="29" type="stmt" count="2"/>
        <line num="31" type="stmt" count="2"/>
        <line num="32" type="stmt" count="2"/>
        <line num="33" type="stmt" count="2"/>
        <line num="34" type="stmt" count="2"/>
        <line num="35" type="stmt" count="2"/>
        <line num="36" type="stmt" count="2"/>
        <line num="37" type="stmt" count="2"/>
        <line num="38" type="stmt" count="2"/>
        <line num="40" type="stmt" count="2"/>
        <line num="41" type="stmt" count="2"/>
        <line num="42" type="stmt" count="0"/>
        <line num="43" type="stmt" count="2"/>
        <line num="44" type="stmt" count="1"/>
        <line num="47" type="stmt" count="2"/>
        <line num="48" type="stmt" count="2"/>
        <line num="49" type="stmt" count="2"/>
        <line num="50" type="stmt" count="2"/>
        <line num="51" type="stmt" count="2"/>
        <line num="52" type="stmt" count="2"/>
        <line num="53" type="stmt" count="2"/>
        <line num="54" type="stmt" count="2"/>
        <line num="56" type="stmt" count="2"/>
        <line num="57" type="stmt" count="2"/>
        <line num="58" type="stmt" count="2"/>
        <line num="59" type="stmt" count="2"/>
        <line num="60" type="stmt" count="2"/>
        <line num="61" type="stmt" count="2"/>
        <line num="62" type="stmt" count="2"/>
        <line num="63" type="stmt" count="2"/>
        <line num="65" type="stmt" count="2"/>
        <line num="66" type="stmt" count="1"/>
        <line num="67" type="stmt" count="1"/>
        <line num="68" type="stmt" count="1"/>
        <line num="69" type="stmt" count="1"/>
        <line num="70" type="stmt" count="1"/>
        <line num="71" type="stmt" count="1"/>
        <line num="72" type="stmt" count="2"/>
        <line num="74" type="stmt" count="2"/>
        <line num="75" type="stmt" count="2"/>
        <line num="76" type="stmt" count="2"/>
        <line num="77" type="stmt" count="2"/>
        <line num="78" type="stmt" count="2"/>
        <line num="79" type="stmt" count="2"/>
        <line num="80" type="stmt" count="2"/>
        <line num="82" type="stmt" count="2"/>
        <line num="83" type="stmt" count="2"/>
        <line num="84" type="stmt" count="2"/>
        <line num="85" type="stmt" count="2"/>
        <line num="86" type="stmt" count="2"/>
        <line num="87" type="stmt" count="2"/>
        <line num="90" type="stmt" count="2"/>
        <line num="92" type="stmt" count="2"/>
        <line num="93" type="stmt" count="2"/>
        <line num="94" type="stmt" count="2"/>
        <line num="95" type="stmt" count="2"/>
        <line num="96" type="stmt" count="2"/>
        <line num="97" type="stmt" count="2"/>
        <line num="99" type="stmt" count="2"/>
        <line num="100" type="stmt" count="2"/>
        <line num="101" type="stmt" count="2"/>
        <line num="102" type="stmt" count="2"/>
        <line num="103" type="stmt" count="2"/>
        <line num="104" type="stmt" count="2"/>
        <line num="105" type="stmt" count="2"/>
        <line num="106" type="stmt" count="2"/>
        <line num="107" type="stmt" count="2"/>
        <line num="108" type="stmt" count="2"/>
        <line num="109" type="stmt" count="2"/>
        <line num="110" type="stmt" count="2"/>
        <line num="111" type="stmt" count="6"/>
        <line num="112" type="stmt" count="5"/>
        <line num="114" type="stmt" count="5"/>
        <line num="115" type="stmt" count="5"/>
        <line num="116" type="stmt" count="5"/>
        <line num="117" type="stmt" count="5"/>
        <line num="118" type="stmt" count="5"/>
        <line num="119" type="stmt" count="5"/>
        <line num="120" type="stmt" count="5"/>
        <line num="121" type="stmt" count="5"/>
        <line num="123" type="stmt" count="5"/>
        <line num="124" type="stmt" count="5"/>
        <line num="125" type="stmt" count="5"/>
        <line num="126" type="stmt" count="5"/>
        <line num="127" type="stmt" count="5"/>
        <line num="128" type="stmt" count="5"/>
        <line num="129" type="stmt" count="5"/>
        <line num="131" type="stmt" count="5"/>
        <line num="132" type="stmt" count="5"/>
        <line num="133" type="stmt" count="5"/>
        <line num="134" type="stmt" count="5"/>
        <line num="135" type="stmt" count="5"/>
        <line num="136" type="stmt" count="5"/>
        <line num="137" type="stmt" count="5"/>
        <line num="138" type="stmt" count="5"/>
        <line num="139" type="stmt" count="5"/>
        <line num="140" type="stmt" count="5"/>
        <line num="141" type="stmt" count="5"/>
        <line num="142" type="stmt" count="5"/>
        <line num="143" type="stmt" count="5"/>
        <line num="144" type="stmt" count="5"/>
        <line num="145" type="stmt" count="5"/>
        <line num="146" type="stmt" count="5"/>
        <line num="147" type="stmt" count="5"/>
        <line num="148" type="stmt" count="5"/>
        <line num="150" type="stmt" count="5"/>
        <line num="151" type="stmt" count="5"/>
        <line num="153" type="stmt" count="5"/>
        <line num="154" type="stmt" count="5"/>
        <line num="155" type="stmt" count="5"/>
        <line num="156" type="stmt" count="5"/>
        <line num="157" type="stmt" count="5"/>
        <line num="158" type="stmt" count="5"/>
        <line num="160" type="stmt" count="5"/>
        <line num="161" type="stmt" count="5"/>
        <line num="162" type="stmt" count="5"/>
        <line num="163" type="stmt" count="5"/>
        <line num="164" type="stmt" count="5"/>
        <line num="165" type="stmt" count="5"/>
        <line num="166" type="stmt" count="5"/>
        <line num="167" type="stmt" count="5"/>
        <line num="170" type="stmt" count="1"/>
        <metrics loc="173" ncloc="171" classes="1" methods="1" coveredmethods="0" conditionals="0" coveredconditionals="0" statements="132" coveredstatements="131" elements="133" coveredelements="131"/>
      </file>
      <file name="C:\Users\Asus\Desktop\datapet\app\Http\Controllers\HomeController.php">
        <class name="App\Http\Controllers\HomeController" namespace="App\Http\Controllers">
          <metrics complexity="10" methods="4" coveredmethods="4" conditionals="0" coveredconditionals="0" statements="30" coveredstatements="30" elements="34" coveredelements="34"/>
        </class>
        <line num="10" type="method" name="__construct" visibility="public" complexity="1" crap="1" count="7"/>
        <line num="12" type="stmt" count="7"/>
        <line num="15" type="method" name="index" visibility="public" complexity="3" crap="3" count="2"/>
        <line num="18" type="stmt" count="2"/>
        <line num="20" type="stmt" count="2"/>
        <line num="21" type="stmt" count="2"/>
        <line num="22" type="stmt" count="2"/>
        <line num="23" type="stmt" count="2"/>
        <line num="24" type="stmt" count="2"/>
        <line num="25" type="stmt" count="2"/>
        <line num="27" type="stmt" count="2"/>
        <line num="29" type="stmt" count="2"/>
        <line num="32" type="method" name="notifications" visibility="public" complexity="3" crap="3" count="2"/>
        <line num="34" type="stmt" count="2"/>
        <line num="36" type="stmt" count="2"/>
        <line num="37" type="stmt" count="2"/>
        <line num="38" type="stmt" count="2"/>
        <line num="39" type="stmt" count="2"/>
        <line num="40" type="stmt" count="2"/>
        <line num="41" type="stmt" count="2"/>
        <line num="43" type="stmt" count="2"/>
        <line num="45" type="stmt" count="2"/>
        <line num="48" type="method" name="appointments" visibility="public" complexity="3" crap="3" count="2"/>
        <line num="50" type="stmt" count="2"/>
        <line num="51" type="stmt" count="2"/>
        <line num="53" type="stmt" count="2"/>
        <line num="54" type="stmt" count="2"/>
        <line num="55" type="stmt" count="2"/>
        <line num="56" type="stmt" count="2"/>
        <line num="57" type="stmt" count="2"/>
        <line num="58" type="stmt" count="2"/>
        <line num="59" type="stmt" count="2"/>
        <line num="61" type="stmt" count="2"/>
        <line num="63" type="stmt" count="2"/>
        <metrics loc="66" ncloc="65" classes="1" methods="4" coveredmethods="4" conditionals="0" coveredconditionals="0" statements="30" coveredstatements="30" elements="34" coveredelements="34"/>
      </file>
      <file name="C:\Users\Asus\Desktop\datapet\app\Http\Controllers\MedicalExamController.php">
        <class name="App\Http\Controllers\MedicalExamController" namespace="App\Http\Controllers">
          <metrics complexity="38" methods="8" coveredmethods="3" conditionals="0" coveredconditionals="0" statements="137" coveredstatements="125" elements="145" coveredelements="128"/>
        </class>
        <line num="18" type="method" name="store" visibility="public" complexity="5" crap="5.02" count="3"/>
        <line num="20" type="stmt" count="3"/>
        <line num="22" type="stmt" count="2"/>
        <line num="24" type="stmt" count="2"/>
        <line num="25" type="stmt" count="0"/>
        <line num="26" type="stmt" count="0"/>
        <line num="27" type="stmt" count="0"/>
        <line num="30" type="stmt" count="2"/>
        <line num="32" type="stmt" count="2"/>
        <line num="33" type="stmt" count="2"/>
        <line num="34" type="stmt" count="2"/>
        <line num="35" type="stmt" count="2"/>
        <line num="36" type="stmt" count="2"/>
        <line num="38" type="stmt" count="2"/>
        <line num="39" type="stmt" count="2"/>
        <line num="40" type="stmt" count="2"/>
        <line num="41" type="stmt" count="2"/>
        <line num="42" type="stmt" count="2"/>
        <line num="43" type="stmt" count="2"/>
        <line num="44" type="stmt" count="2"/>
        <line num="45" type="stmt" count="2"/>
        <line num="46" type="stmt" count="2"/>
        <line num="47" type="stmt" count="2"/>
        <line num="48" type="stmt" count="2"/>
        <line num="49" type="stmt" count="2"/>
        <line num="50" type="stmt" count="2"/>
        <line num="51" type="stmt" count="2"/>
        <line num="52" type="stmt" count="2"/>
        <line num="54" type="stmt" count="2"/>
        <line num="57" type="stmt" count="2"/>
        <line num="58" type="stmt" count="1"/>
        <line num="59" type="stmt" count="1"/>
        <line num="62" type="stmt" count="1"/>
        <line num="63" type="stmt" count="1"/>
        <line num="66" type="method" name="view" visibility="public" complexity="2" crap="2" count="4"/>
        <line num="68" type="stmt" count="4"/>
        <line num="70" type="stmt" count="4"/>
        <line num="71" type="stmt" count="1"/>
        <line num="74" type="stmt" count="3"/>
        <line num="76" type="stmt" count="3"/>
        <line num="77" type="stmt" count="3"/>
        <line num="78" type="stmt" count="3"/>
        <line num="79" type="stmt" count="3"/>
        <line num="82" type="method" name="download" visibility="public" complexity="2" crap="2" count="2"/>
        <line num="84" type="stmt" count="2"/>
        <line num="86" type="stmt" count="2"/>
        <line num="87" type="stmt" count="1"/>
        <line num="90" type="stmt" count="1"/>
        <line num="93" type="method" name="completeReview" visibility="public" complexity="5" crap="5.00" count="4"/>
        <line num="95" type="stmt" count="4"/>
        <line num="97" type="stmt" count="3"/>
        <line num="98" type="stmt" count="0"/>
        <line num="101" type="stmt" count="3"/>
        <line num="102" type="stmt" count="2"/>
        <line num="103" type="stmt" count="2"/>
        <line num="104" type="stmt" count="2"/>
        <line num="105" type="stmt" count="2"/>
        <line num="108" type="stmt" count="2"/>
        <line num="109" type="stmt" count="1"/>
        <line num="113" type="stmt" count="2"/>
        <line num="114" type="stmt" count="2"/>
        <line num="115" type="stmt" count="2"/>
        <line num="116" type="stmt" count="2"/>
        <line num="118" type="stmt" count="2"/>
        <line num="119" type="stmt" count="1"/>
        <line num="122" type="stmt" count="2"/>
        <line num="125" type="stmt" count="1"/>
        <line num="128" type="method" name="edit" visibility="public" complexity="5" crap="5" count="2"/>
        <line num="130" type="stmt" count="2"/>
        <line num="132" type="stmt" count="2"/>
        <line num="133" type="stmt" count="1"/>
        <line num="136" type="stmt" count="1"/>
        <line num="137" type="stmt" count="1"/>
        <line num="138" type="stmt" count="1"/>
        <line num="141" type="stmt" count="1"/>
        <line num="142" type="stmt" count="1"/>
        <line num="143" type="stmt" count="1"/>
        <line num="145" type="stmt" count="1"/>
        <line num="147" type="stmt" count="1"/>
        <line num="150" type="method" name="update" visibility="public" complexity="8" crap="8.09" count="2"/>
        <line num="152" type="stmt" count="2"/>
        <line num="154" type="stmt" count="2"/>
        <line num="155" type="stmt" count="1"/>
        <line num="158" type="stmt" count="1"/>
        <line num="159" type="stmt" count="1"/>
        <line num="160" type="stmt" count="1"/>
        <line num="161" type="stmt" count="1"/>
        <line num="162" type="stmt" count="1"/>
        <line num="163" type="stmt" count="1"/>
        <line num="164" type="stmt" count="1"/>
        <line num="165" type="stmt" count="1"/>
        <line num="166" type="stmt" count="1"/>
        <line num="167" type="stmt" count="1"/>
        <line num="168" type="stmt" count="1"/>
        <line num="169" type="stmt" count="1"/>
        <line num="171" type="stmt" count="1"/>
        <line num="172" type="stmt" count="0"/>
        <line num="173" type="stmt" count="0"/>
        <line num="174" type="stmt" count="0"/>
        <line num="179" type="stmt" count="1"/>
        <line num="181" type="stmt" count="1"/>
        <line num="182" type="stmt" count="1"/>
        <line num="185" type="stmt" count="1"/>
        <line num="186" type="stmt" count="1"/>
        <line num="187" type="stmt" count="1"/>
        <line num="188" type="stmt" count="1"/>
        <line num="189" type="stmt" count="1"/>
        <line num="191" type="stmt" count="1"/>
        <line num="192" type="stmt" count="1"/>
        <line num="193" type="stmt" count="1"/>
        <line num="194" type="stmt" count="1"/>
        <line num="195" type="stmt" count="1"/>
        <line num="196" type="stmt" count="1"/>
        <line num="199" type="stmt" count="1"/>
        <line num="200" type="stmt" count="1"/>
        <line num="201" type="stmt" count="1"/>
        <line num="202" type="stmt" count="1"/>
        <line num="203" type="stmt" count="1"/>
        <line num="204" type="stmt" count="1"/>
        <line num="205" type="stmt" count="1"/>
        <line num="207" type="stmt" count="1"/>
        <line num="208" type="stmt" count="1"/>
        <line num="209" type="stmt" count="1"/>
        <line num="212" type="stmt" count="0"/>
        <line num="213" type="stmt" count="0"/>
        <line num="216" type="method" name="ensureCanUpload" visibility="private" complexity="6" crap="6.29" count="3"/>
        <line num="218" type="stmt" count="3"/>
        <line num="219" type="stmt" count="3"/>
        <line num="221" type="stmt" count="3"/>
        <line num="222" type="stmt" count="1"/>
        <line num="225" type="stmt" count="2"/>
        <line num="226" type="stmt" count="1"/>
        <line num="229" type="stmt" count="1"/>
        <line num="230" type="stmt" count="1"/>
        <line num="233" type="stmt" count="0"/>
        <line num="234" type="stmt" count="0"/>
        <line num="238" type="method" name="ensureCanAccessPet" visibility="private" complexity="5" crap="5.05" count="10"/>
        <line num="240" type="stmt" count="10"/>
        <line num="242" type="stmt" count="10"/>
        <line num="243" type="stmt" count="0"/>
        <line num="246" type="stmt" count="10"/>
        <line num="247" type="stmt" count="6"/>
        <line num="250" type="stmt" count="4"/>
        <line num="251" type="stmt" count="3"/>
        <line num="254" type="stmt" count="1"/>
        <metrics loc="257" ncloc="252" classes="1" methods="8" coveredmethods="3" conditionals="0" coveredconditionals="0" statements="137" coveredstatements="125" elements="145" coveredelements="128"/>
      </file>
      <file name="C:\Users\Asus\Desktop\datapet\app\Http\Controllers\PetController.php">
        <class name="App\Http\Controllers\PetController" namespace="App\Http\Controllers">
          <metrics complexity="23" methods="9" coveredmethods="0" conditionals="0" coveredconditionals="0" statements="63" coveredstatements="0" elements="72" coveredelements="0"/>
        </class>
        <line num="16" type="method" name="index" visibility="public" complexity="1" crap="2" count="0"/>
        <line num="18" type="stmt" count="0"/>
        <line num="19" type="stmt" count="0"/>
        <line num="21" type="stmt" count="0"/>
        <line num="24" type="method" name="create" visibility="public" complexity="1" crap="2" count="0"/>
        <line num="26" type="stmt" count="0"/>
        <line num="27" type="stmt" count="0"/>
        <line num="29" type="stmt" count="0"/>
        <line num="32" type="method" name="store" visibility="public" complexity="2" crap="6" count="0"/>
        <line num="34" type="stmt" count="0"/>
        <line num="36" type="stmt" count="0"/>
        <line num="37" type="stmt" count="0"/>
        <line num="40" type="stmt" count="0"/>
        <line num="42" type="stmt" count="0"/>
        <line num="45" type="method" name="show" visibility="public" complexity="3" crap="12" count="0"/>
        <line num="47" type="stmt" count="0"/>
        <line num="49" type="stmt" count="0"/>
        <line num="50" type="stmt" count="0"/>
        <line num="52" type="stmt" count="0"/>
        <line num="54" type="stmt" count="0"/>
        <line num="57" type="method" name="exams" visibility="public" complexity="5" crap="30" count="0"/>
        <line num="59" type="stmt" count="0"/>
        <line num="61" type="stmt" count="0"/>
        <line num="62" type="stmt" count="0"/>
        <line num="65" type="stmt" count="0"/>
        <line num="66" type="stmt" count="0"/>
        <line num="68" type="stmt" count="0"/>
        <line num="69" type="stmt" count="0"/>
        <line num="70" type="stmt" count="0"/>
        <line num="71" type="stmt" count="0"/>
        <line num="72" type="stmt" count="0"/>
        <line num="74" type="stmt" count="0"/>
        <line num="76" type="stmt" count="0"/>
        <line num="77" type="stmt" count="0"/>
        <line num="78" type="stmt" count="0"/>
        <line num="79" type="stmt" count="0"/>
        <line num="80" type="stmt" count="0"/>
        <line num="81" type="stmt" count="0"/>
        <line num="84" type="stmt" count="0"/>
        <line num="85" type="stmt" count="0"/>
        <line num="86" type="stmt" count="0"/>
        <line num="88" type="stmt" count="0"/>
        <line num="91" type="method" name="edit" visibility="public" complexity="1" crap="2" count="0"/>
        <line num="93" type="stmt" count="0"/>
        <line num="95" type="stmt" count="0"/>
        <line num="96" type="stmt" count="0"/>
        <line num="97" type="stmt" count="0"/>
        <line num="99" type="stmt" count="0"/>
        <line num="102" type="method" name="update" visibility="public" complexity="3" crap="12" count="0"/>
        <line num="104" type="stmt" count="0"/>
        <line num="106" type="stmt" count="0"/>
        <line num="108" type="stmt" count="0"/>
        <line num="109" type="stmt" count="0"/>
        <line num="110" type="stmt" count="0"/>
        <line num="112" type="stmt" count="0"/>
        <line num="115" type="stmt" count="0"/>
        <line num="117" type="stmt" count="0"/>
        <line num="120" type="method" name="destroy" visibility="public" complexity="2" crap="6" count="0"/>
        <line num="122" type="stmt" count="0"/>
        <line num="124" type="stmt" count="0"/>
        <line num="125" type="stmt" count="0"/>
        <line num="128" type="stmt" count="0"/>
        <line num="130" type="stmt" count="0"/>
        <line num="133" type="method" name="ensureCanAccessPet" visibility="private" complexity="5" crap="30" count="0"/>
        <line num="135" type="stmt" count="0"/>
        <line num="137" type="stmt" count="0"/>
        <line num="138" type="stmt" count="0"/>
        <line num="141" type="stmt" count="0"/>
        <line num="142" type="stmt" count="0"/>
        <line num="145" type="stmt" count="0"/>
        <line num="146" type="stmt" count="0"/>
        <line num="149" type="stmt" count="0"/>
        <metrics loc="152" ncloc="152" classes="1" methods="9" coveredmethods="0" conditionals="0" coveredconditionals="0" statements="63" coveredstatements="0" elements="72" coveredelements="0"/>
      </file>
      <file name="C:\Users\Asus\Desktop\datapet\app\Http\Controllers\VaccinationReminderController.php">
        <class name="App\Http\Controllers\VaccinationReminderController" namespace="App\Http\Controllers">
          <metrics complexity="4" methods="2" coveredmethods="2" conditionals="0" coveredconditionals="0" statements="9" coveredstatements="9" elements="11" coveredelements="11"/>
        </class>
        <line num="11" type="method" name="destroy" visibility="public" complexity="2" crap="2" count="2"/>
        <line num="13" type="stmt" count="2"/>
        <line num="15" type="stmt" count="2"/>
        <line num="16" type="stmt" count="1"/>
        <line num="19" type="stmt" count="1"/>
        <line num="21" type="stmt" count="1"/>
        <line num="24" type="method" name="dismiss" visibility="public" complexity="2" crap="2" count="3"/>
        <line num="26" type="stmt" count="3"/>
        <line num="27" type="stmt" count="1"/>
        <line num="30" type="stmt" count="2"/>
        <line num="32" type="stmt" count="2"/>
        <metrics loc="35" ncloc="35" classes="1" methods="2" coveredmethods="2" conditionals="0" coveredconditionals="0" statements="9" coveredstatements="9" elements="11" coveredelements="11"/>
      </file>
    </package>
    <package name="App\Http\Controllers\Auth">
      <file name="C:\Users\Asus\Desktop\datapet\app\Http\Controllers\Auth\ConfirmPasswordController.php">
        <class name="App\Http\Controllers\Auth\ConfirmPasswordController" namespace="App\Http\Controllers\Auth">
          <metrics complexity="1" methods="1" coveredmethods="0" conditionals="0" coveredconditionals="0" statements="1" coveredstatements="0" elements="2" coveredelements="0"/>
        </class>
        <line num="35" type="method" name="__construct" visibility="public" complexity="1" crap="2" count="0"/>
        <line num="37" type="stmt" count="0"/>
        <metrics loc="40" ncloc="20" classes="1" methods="1" coveredmethods="0" conditionals="0" coveredconditionals="0" statements="1" coveredstatements="0" elements="2" coveredelements="0"/>
      </file>
      <file name="C:\Users\Asus\Desktop\datapet\app\Http\Controllers\Auth\ForgotPasswordController.php">
        <class name="App\Http\Controllers\Auth\ForgotPasswordController" namespace="App\Http\Controllers\Auth">
          <metrics complexity="0" methods="0" coveredmethods="0" conditionals="0" coveredconditionals="0" statements="0" coveredstatements="0" elements="0" coveredelements="0"/>
        </class>
        <metrics loc="23" ncloc="13" classes="0" methods="0" coveredmethods="0" conditionals="0" coveredconditionals="0" statements="0" coveredstatements="0" elements="0" coveredelements="0"/>
      </file>
      <file name="C:\Users\Asus\Desktop\datapet\app\Http\Controllers\Auth\LoginController.php">
        <class name="App\Http\Controllers\Auth\LoginController" namespace="App\Http\Controllers\Auth">
          <metrics complexity="4" methods="2" coveredmethods="2" conditionals="0" coveredconditionals="0" statements="5" coveredstatements="5" elements="7" coveredelements="7"/>
        </class>
        <line num="36" type="method" name="__construct" visibility="public" complexity="1" crap="1" count="7"/>
        <line num="38" type="stmt" count="7"/>
        <line num="39" type="stmt" count="7"/>
        <line num="42" type="method" name="authenticated" visibility="protected" complexity="3" crap="3" count="2"/>
        <line num="44" type="stmt" count="2"/>
        <line num="45" type="stmt" count="1"/>
        <line num="48" type="stmt" count="1"/>
        <metrics loc="51" ncloc="31" classes="1" methods="2" coveredmethods="2" conditionals="0" coveredconditionals="0" statements="5" coveredstatements="5" elements="7" coveredelements="7"/>
      </file>
      <file name="C:\Users\Asus\Desktop\datapet\app\Http\Controllers\Auth\RegisterController.php">
        <class name="App\Http\Controllers\Auth\RegisterController" namespace="App\Http\Controllers\Auth">
          <metrics complexity="8" methods="4" coveredmethods="2" conditionals="0" coveredconditionals="0" statements="48" coveredstatements="43" elements="52" coveredelements="45"/>
        </class>
        <line num="18" type="method" name="__construct" visibility="public" complexity="1" crap="1" count="2"/>
        <line num="20" type="stmt" count="2"/>
        <line num="27" type="method" name="showRegistrationForm" visibility="public" complexity="1" crap="2" count="0"/>
        <line num="29" type="stmt" count="0"/>
        <line num="31" type="stmt" count="0"/>
        <line num="38" type="method" name="register" visibility="public" complexity="5" crap="5.02" count="1"/>
        <line num="40" type="stmt" count="1"/>
        <line num="41" type="stmt" count="0"/>
        <line num="43" type="stmt" count="1"/>
        <line num="47" type="stmt" count="1"/>
        <line num="48" type="stmt" count="1"/>
        <line num="49" type="stmt" count="1"/>
        <line num="50" type="stmt" count="1"/>
        <line num="51" type="stmt" count="1"/>
        <line num="52" type="stmt" count="1"/>
        <line num="53" type="stmt" count="1"/>
        <line num="54" type="stmt" count="1"/>
        <line num="55" type="stmt" count="1"/>
        <line num="56" type="stmt" count="1"/>
        <line num="57" type="stmt" count="1"/>
        <line num="58" type="stmt" count="1"/>
        <line num="59" type="stmt" count="1"/>
        <line num="60" type="stmt" count="1"/>
        <line num="61" type="stmt" count="1"/>
        <line num="62" type="stmt" count="1"/>
        <line num="63" type="stmt" count="1"/>
        <line num="64" type="stmt" count="1"/>
        <line num="65" type="stmt" count="1"/>
        <line num="66" type="stmt" count="1"/>
        <line num="67" type="stmt" count="1"/>
        <line num="68" type="stmt" count="1"/>
        <line num="69" type="stmt" count="1"/>
        <line num="71" type="stmt" count="1"/>
        <line num="72" type="stmt" count="0"/>
        <line num="75" type="stmt" count="1"/>
        <line num="78" type="stmt" count="1"/>
        <line num="79" type="stmt" count="0"/>
        <line num="80" type="stmt" count="1"/>
        <line num="82" type="stmt" count="1"/>
        <line num="85" type="method" name="create" visibility="protected" complexity="1" crap="1" count="1"/>
        <line num="87" type="stmt" count="1"/>
        <line num="88" type="stmt" count="1"/>
        <line num="89" type="stmt" count="1"/>
        <line num="90" type="stmt" count="1"/>
        <line num="91" type="stmt" count="1"/>
        <line num="92" type="stmt" count="1"/>
        <line num="93" type="stmt" count="1"/>
        <line num="94" type="stmt" count="1"/>
        <line num="95" type="stmt" count="1"/>
        <line num="96" type="stmt" count="1"/>
        <line num="97" type="stmt" count="1"/>
        <line num="98" type="stmt" count="1"/>
        <metrics loc="101" ncloc="92" classes="1" methods="4" coveredmethods="2" conditionals="0" coveredconditionals="0" statements="48" coveredstatements="43" elements="52" coveredelements="45"/>
      </file>
      <file name="C:\Users\Asus\Desktop\datapet\app\Http\Controllers\Auth\ResetPasswordController.php">
        <class name="App\Http\Controllers\Auth\ResetPasswordController" namespace="App\Http\Controllers\Auth">
          <metrics complexity="0" methods="0" coveredmethods="0" conditionals="0" coveredconditionals="0" statements="0" coveredstatements="0" elements="0" coveredelements="0"/>
        </class>
        <metrics loc="30" ncloc="15" classes="0" methods="0" coveredmethods="0" conditionals="0" coveredconditionals="0" statements="0" coveredstatements="0" elements="0" coveredelements="0"/>
      </file>
      <file name="C:\Users\Asus\Desktop\datapet\app\Http\Controllers\Auth\VerificationController.php">
        <class name="App\Http\Controllers\Auth\VerificationController" namespace="App\Http\Controllers\Auth">
          <metrics complexity="1" methods="1" coveredmethods="0" conditionals="0" coveredconditionals="0" statements="3" coveredstatements="0" elements="4" coveredelements="0"/>
        </class>
        <line num="35" type="method" name="__construct" visibility="public" complexity="1" crap="2" count="0"/>
        <line num="37" type="stmt" count="0"/>
        <line num="38" type="stmt" count="0"/>
        <line num="39" type="stmt" count="0"/>
        <metrics loc="42" ncloc="22" classes="1" methods="1" coveredmethods="0" conditionals="0" coveredconditionals="0" statements="3" coveredstatements="0" elements="4" coveredelements="0"/>
      </file>
    </package>
    <package name="App\Http\Controllers\Doctor">
      <file name="C:\Users\Asus\Desktop\datapet\app\Http\Controllers\Doctor\AppointmentDoctorController.php">
        <class name="App\Http\Controllers\Doctor\AppointmentDoctorController" namespace="App\Http\Controllers\Doctor">
          <metrics complexity="3" methods="2" coveredmethods="2" conditionals="0" coveredconditionals="0" statements="21" coveredstatements="21" elements="23" coveredelements="23"/>
        </class>
        <line num="13" type="method" name="index" visibility="public" complexity="1" crap="1" count="1"/>
        <line num="15" type="stmt" count="1"/>
        <line num="18" type="method" name="events" visibility="public" complexity="2" crap="2" count="1"/>
        <line num="20" type="stmt" count="1"/>
        <line num="21" type="stmt" count="1"/>
        <line num="22" type="stmt" count="1"/>
        <line num="24" type="stmt" count="1"/>
        <line num="25" type="stmt" count="1"/>
        <line num="27" type="stmt" count="1"/>
        <line num="28" type="stmt" count="1"/>
        <line num="29" type="stmt" count="1"/>
        <line num="30" type="stmt" count="1"/>
        <line num="31" type="stmt" count="1"/>
        <line num="32" type="stmt" count="1"/>
        <line num="33" type="stmt" count="1"/>
        <line num="34" type="stmt" count="1"/>
        <line num="35" type="stmt" count="1"/>
        <line num="36" type="stmt" count="1"/>
        <line num="37" type="stmt" count="1"/>
        <line num="38" type="stmt" count="1"/>
        <line num="39" type="stmt" count="1"/>
        <line num="40" type="stmt" count="1"/>
        <line num="42" type="stmt" count="1"/>
        <metrics loc="45" ncloc="45" classes="1" methods="2" coveredmethods="2" conditionals="0" coveredconditionals="0" statements="21" coveredstatements="21" elements="23" coveredelements="23"/>
      </file>
      <file name="C:\Users\Asus\Desktop\datapet\app\Http\Controllers\Doctor\ClientDoctorController.php">
        <class name="App\Http\Controllers\Doctor\ClientDoctorController" namespace="App\Http\Controllers\Doctor">
          <metrics complexity="7" methods="2" coveredmethods="0" conditionals="0" coveredconditionals="0" statements="31" coveredstatements="29" elements="33" coveredelements="29"/>
        </class>
        <line num="12" type="method" name="index" visibility="public" complexity="3" crap="3.01" count="2"/>
        <line num="14" type="stmt" count="2"/>
        <line num="16" type="stmt" count="2"/>
        <line num="17" type="stmt" count="1"/>
        <line num="20" type="stmt" count="2"/>
        <line num="21" type="stmt" count="0"/>
        <line num="24" type="stmt" count="2"/>
        <line num="26" type="stmt" count="2"/>
        <line num="27" type="stmt" count="2"/>
        <line num="28" type="stmt" count="2"/>
        <line num="29" type="stmt" count="2"/>
        <line num="31" type="stmt" count="2"/>
        <line num="37" type="method" name="update" visibility="public" complexity="4" crap="4" count="3"/>
        <line num="39" type="stmt" count="3"/>
        <line num="40" type="stmt" count="1"/>
        <line num="43" type="stmt" count="2"/>
        <line num="44" type="stmt" count="0"/>
        <line num="47" type="stmt" count="2"/>
        <line num="48" type="stmt" count="2"/>
        <line num="49" type="stmt" count="2"/>
        <line num="50" type="stmt" count="2"/>
        <line num="51" type="stmt" count="2"/>
        <line num="52" type="stmt" count="2"/>
        <line num="53" type="stmt" count="2"/>
        <line num="54" type="stmt" count="2"/>
        <line num="55" type="stmt" count="2"/>
        <line num="56" type="stmt" count="2"/>
        <line num="57" type="stmt" count="2"/>
        <line num="58" type="stmt" count="2"/>
        <line num="59" type="stmt" count="2"/>
        <line num="60" type="stmt" count="2"/>
        <line num="62" type="stmt" count="1"/>
        <line num="64" type="stmt" count="1"/>
        <metrics loc="67" ncloc="64" classes="1" methods="2" coveredmethods="0" conditionals="0" coveredconditionals="0" statements="31" coveredstatements="29" elements="33" coveredelements="29"/>
      </file>
      <file name="C:\Users\Asus\Desktop\datapet\app\Http\Controllers\Doctor\ClinicalObservationController.php">
        <class name="App\Http\Controllers\Doctor\ClinicalObservationController" namespace="App\Http\Controllers\Doctor">
          <metrics complexity="6" methods="5" coveredmethods="4" conditionals="0" coveredconditionals="0" statements="34" coveredstatements="27" elements="39" coveredelements="31"/>
        </class>
        <line num="15" type="method" name="store" visibility="public" complexity="1" crap="1" count="3"/>
        <line num="17" type="stmt" count="3"/>
        <line num="19" type="stmt" count="3"/>
        <line num="20" type="stmt" count="3"/>
        <line num="21" type="stmt" count="3"/>
        <line num="23" type="stmt" count="2"/>
        <line num="24" type="stmt" count="2"/>
        <line num="25" type="stmt" count="2"/>
        <line num="26" type="stmt" count="2"/>
        <line num="27" type="stmt" count="2"/>
        <line num="29" type="stmt" count="2"/>
        <line num="32" type="method" name="edit" visibility="public" complexity="1" crap="2" count="0"/>
        <line num="34" type="stmt" count="0"/>
        <line num="36" type="stmt" count="0"/>
        <line num="38" type="stmt" count="0"/>
        <line num="39" type="stmt" count="0"/>
        <line num="40" type="stmt" count="0"/>
        <line num="41" type="stmt" count="0"/>
        <line num="42" type="stmt" count="0"/>
        <line num="45" type="method" name="update" visibility="public" complexity="1" crap="1" count="1"/>
        <line num="47" type="stmt" count="1"/>
        <line num="49" type="stmt" count="1"/>
        <line num="50" type="stmt" count="1"/>
        <line num="51" type="stmt" count="1"/>
        <line num="53" type="stmt" count="1"/>
        <line num="54" type="stmt" count="1"/>
        <line num="55" type="stmt" count="1"/>
        <line num="57" type="stmt" count="1"/>
        <line num="58" type="stmt" count="1"/>
        <line num="61" type="method" name="destroy" visibility="public" complexity="1" crap="1" count="2"/>
        <line num="63" type="stmt" count="2"/>
        <line num="65" type="stmt" count="1"/>
        <line num="66" type="stmt" count="1"/>
        <line num="68" type="stmt" count="1"/>
        <line num="69" type="stmt" count="1"/>
        <line num="72" type="method" name="ensureDoctorOrAdmin" visibility="private" complexity="2" crap="2" count="5"/>
        <line num="74" type="stmt" count="5"/>
        <line num="76" type="stmt" count="5"/>
        <line num="77" type="stmt" count="1"/>
        <metrics loc="81" ncloc="81" classes="1" methods="5" coveredmethods="4" conditionals="0" coveredconditionals="0" statements="34" coveredstatements="27" elements="39" coveredelements="31"/>
      </file>
      <file name="C:\Users\Asus\Desktop\datapet\app\Http\Controllers\Doctor\KardexController.php">
        <class name="App\Http\Controllers\Doctor\KardexController" namespace="App\Http\Controllers\Doctor">
          <metrics complexity="4" methods="2" coveredmethods="2" conditionals="0" coveredconditionals="0" statements="24" coveredstatements="24" elements="26" coveredelements="26"/>
        </class>
        <line num="14" type="method" name="store" visibility="public" complexity="2" crap="2" count="2"/>
        <line num="16" type="stmt" count="2"/>
        <line num="17" type="stmt" count="2"/>
        <line num="18" type="stmt" count="1"/>
        <line num="21" type="stmt" count="1"/>
        <line num="22" type="stmt" count="1"/>
        <line num="23" type="stmt" count="1"/>
        <line num="24" type="stmt" count="1"/>
        <line num="25" type="stmt" count="1"/>
        <line num="27" type="stmt" count="1"/>
        <line num="28" type="stmt" count="1"/>
        <line num="29" type="stmt" count="1"/>
        <line num="30" type="stmt" count="1"/>
        <line num="31" type="stmt" count="1"/>
        <line num="32" type="stmt" count="1"/>
        <line num="33" type="stmt" count="1"/>
        <line num="35" type="stmt" count="1"/>
        <line num="36" type="stmt" count="1"/>
        <line num="39" type="method" name="destroy" visibility="public" complexity="2" crap="2" count="2"/>
        <line num="41" type="stmt" count="2"/>
        <line num="42" type="stmt" count="2"/>
        <line num="43" type="stmt" count="1"/>
        <line num="46" type="stmt" count="1"/>
        <line num="47" type="stmt" count="1"/>
        <line num="49" type="stmt" count="1"/>
        <line num="50" type="stmt" count="1"/>
        <metrics loc="53" ncloc="53" classes="1" methods="2" coveredmethods="2" conditionals="0" coveredconditionals="0" statements="24" coveredstatements="24" elements="26" coveredelements="26"/>
      </file>
      <file name="C:\Users\Asus\Desktop\datapet\app\Http\Controllers\Doctor\MedicalFormulaController.php">
        <class name="App\Http\Controllers\Doctor\MedicalFormulaController" namespace="App\Http\Controllers\Doctor">
          <metrics complexity="4" methods="3" coveredmethods="3" conditionals="0" coveredconditionals="0" statements="30" coveredstatements="30" elements="33" coveredelements="33"/>
        </class>
        <line num="14" type="method" name="store" visibility="public" complexity="1" crap="1" count="4"/>
        <line num="16" type="stmt" count="4"/>
        <line num="18" type="stmt" count="3"/>
        <line num="19" type="stmt" count="3"/>
        <line num="20" type="stmt" count="3"/>
        <line num="21" type="stmt" count="3"/>
        <line num="22" type="stmt" count="3"/>
        <line num="23" type="stmt" count="3"/>
        <line num="24" type="stmt" count="3"/>
        <line num="25" type="stmt" count="3"/>
        <line num="26" type="stmt" count="3"/>
        <line num="27" type="stmt" count="3"/>
        <line num="28" type="stmt" count="3"/>
        <line num="29" type="stmt" count="3"/>
        <line num="30" type="stmt" count="3"/>
        <line num="31" type="stmt" count="3"/>
        <line num="32" type="stmt" count="3"/>
        <line num="33" type="stmt" count="3"/>
        <line num="35" type="stmt" count="1"/>
        <line num="36" type="stmt" count="1"/>
        <line num="38" type="stmt" count="1"/>
        <line num="40" type="stmt" count="1"/>
        <line num="41" type="stmt" count="1"/>
        <line num="44" type="method" name="destroy" visibility="public" complexity="1" crap="1" count="2"/>
        <line num="46" type="stmt" count="2"/>
        <line num="48" type="stmt" count="1"/>
        <line num="49" type="stmt" count="1"/>
        <line num="51" type="stmt" count="1"/>
        <line num="52" type="stmt" count="1"/>
        <line num="55" type="method" name="ensureDoctorOrAdmin" visibility="private" complexity="2" crap="2" count="5"/>
        <line num="57" type="stmt" count="5"/>
        <line num="59" type="stmt" count="5"/>
        <line num="60" type="stmt" count="1"/>
        <metrics loc="64" ncloc="64" classes="1" methods="3" coveredmethods="3" conditionals="0" coveredconditionals="0" statements="30" coveredstatements="30" elements="33" coveredelements="33"/>
      </file>
      <file name="C:\Users\Asus\Desktop\datapet\app\Http\Controllers\Doctor\MedicalOrderController.php">
        <class name="App\Http\Controllers\Doctor\MedicalOrderController" namespace="App\Http\Controllers\Doctor">
          <metrics complexity="7" methods="3" coveredmethods="1" conditionals="0" coveredconditionals="0" statements="57" coveredstatements="55" elements="60" coveredelements="56"/>
        </class>
        <line num="14" type="method" name="store" visibility="public" complexity="3" crap="3" count="4"/>
        <line num="16" type="stmt" count="4"/>
        <line num="17" type="stmt" count="4"/>
        <line num="18" type="stmt" count="1"/>
        <line num="21" type="stmt" count="3"/>
        <line num="22" type="stmt" count="3"/>
        <line num="23" type="stmt" count="3"/>
        <line num="24" type="stmt" count="3"/>
        <line num="25" type="stmt" count="3"/>
        <line num="27" type="stmt" count="2"/>
        <line num="28" type="stmt" count="2"/>
        <line num="29" type="stmt" count="2"/>
        <line num="30" type="stmt" count="2"/>
        <line num="31" type="stmt" count="2"/>
        <line num="32" type="stmt" count="2"/>
        <line num="33" type="stmt" count="2"/>
        <line num="34" type="stmt" count="2"/>
        <line num="37" type="stmt" count="2"/>
        <line num="38" type="stmt" count="2"/>
        <line num="39" type="stmt" count="2"/>
        <line num="40" type="stmt" count="2"/>
        <line num="41" type="stmt" count="2"/>
        <line num="43" type="stmt" count="2"/>
        <line num="44" type="stmt" count="2"/>
        <line num="45" type="stmt" count="2"/>
        <line num="46" type="stmt" count="2"/>
        <line num="47" type="stmt" count="2"/>
        <line num="48" type="stmt" count="2"/>
        <line num="50" type="stmt" count="2"/>
        <line num="51" type="stmt" count="2"/>
        <line num="52" type="stmt" count="2"/>
        <line num="53" type="stmt" count="2"/>
        <line num="54" type="stmt" count="2"/>
        <line num="55" type="stmt" count="2"/>
        <line num="56" type="stmt" count="2"/>
        <line num="57" type="stmt" count="2"/>
        <line num="58" type="stmt" count="2"/>
        <line num="59" type="stmt" count="2"/>
        <line num="62" type="stmt" count="2"/>
        <line num="63" type="stmt" count="2"/>
        <line num="66" type="method" name="updateStatus" visibility="public" complexity="2" crap="2.00" count="1"/>
        <line num="68" type="stmt" count="1"/>
        <line num="69" type="stmt" count="1"/>
        <line num="70" type="stmt" count="0"/>
        <line num="73" type="stmt" count="1"/>
        <line num="74" type="stmt" count="1"/>
        <line num="75" type="stmt" count="1"/>
        <line num="77" type="stmt" count="1"/>
        <line num="78" type="stmt" count="1"/>
        <line num="79" type="stmt" count="1"/>
        <line num="81" type="stmt" count="1"/>
        <line num="82" type="stmt" count="1"/>
        <line num="85" type="method" name="destroy" visibility="public" complexity="2" crap="2.01" count="2"/>
        <line num="87" type="stmt" count="2"/>
        <line num="88" type="stmt" count="2"/>
        <line num="89" type="stmt" count="0"/>
        <line num="92" type="stmt" count="2"/>
        <line num="93" type="stmt" count="2"/>
        <line num="95" type="stmt" count="2"/>
        <line num="96" type="stmt" count="2"/>
        <metrics loc="99" ncloc="98" classes="1" methods="3" coveredmethods="1" conditionals="0" coveredconditionals="0" statements="57" coveredstatements="55" elements="60" coveredelements="56"/>
      </file>
      <file name="C:\Users\Asus\Desktop\datapet\app\Http\Controllers\Doctor\MedicalRecordController.php">
        <class name="App\Http\Controllers\Doctor\MedicalRecordController" namespace="App\Http\Controllers\Doctor">
          <metrics complexity="29" methods="9" coveredmethods="6" conditionals="0" coveredconditionals="0" statements="162" coveredstatements="116" elements="171" coveredelements="122"/>
        </class>
        <line num="17" type="method" name="index" visibility="public" complexity="9" crap="90" count="0"/>
        <line num="19" type="stmt" count="0"/>
        <line num="21" type="stmt" count="0"/>
        <line num="23" type="stmt" count="0"/>
        <line num="24" type="stmt" count="0"/>
        <line num="25" type="stmt" count="0"/>
        <line num="26" type="stmt" count="0"/>
        <line num="27" type="stmt" count="0"/>
        <line num="28" type="stmt" count="0"/>
        <line num="29" type="stmt" count="0"/>
        <line num="30" type="stmt" count="0"/>
        <line num="31" type="stmt" count="0"/>
        <line num="32" type="stmt" count="0"/>
        <line num="33" type="stmt" count="0"/>
        <line num="34" type="stmt" count="0"/>
        <line num="35" type="stmt" count="0"/>
        <line num="36" type="stmt" count="0"/>
        <line num="37" type="stmt" count="0"/>
        <line num="38" type="stmt" count="0"/>
        <line num="39" type="stmt" count="0"/>
        <line num="40" type="stmt" count="0"/>
        <line num="41" type="stmt" count="0"/>
        <line num="42" type="stmt" count="0"/>
        <line num="43" type="stmt" count="0"/>
        <line num="44" type="stmt" count="0"/>
        <line num="45" type="stmt" count="0"/>
        <line num="47" type="stmt" count="0"/>
        <line num="48" type="stmt" count="0"/>
        <line num="49" type="stmt" count="0"/>
        <line num="50" type="stmt" count="0"/>
        <line num="51" type="stmt" count="0"/>
        <line num="52" type="stmt" count="0"/>
        <line num="53" type="stmt" count="0"/>
        <line num="54" type="stmt" count="0"/>
        <line num="55" type="stmt" count="0"/>
        <line num="56" type="stmt" count="0"/>
        <line num="57" type="stmt" count="0"/>
        <line num="59" type="stmt" count="0"/>
        <line num="62" type="method" name="show" visibility="public" complexity="1" crap="1" count="4"/>
        <line num="64" type="stmt" count="4"/>
        <line num="66" type="stmt" count="4"/>
        <line num="67" type="stmt" count="4"/>
        <line num="68" type="stmt" count="4"/>
        <line num="69" type="stmt" count="4"/>
        <line num="70" type="stmt" count="4"/>
        <line num="71" type="stmt" count="4"/>
        <line num="72" type="stmt" count="4"/>
        <line num="73" type="stmt" count="4"/>
        <line num="74" type="stmt" count="4"/>
        <line num="75" type="stmt" count="4"/>
        <line num="76" type="stmt" count="4"/>
        <line num="77" type="stmt" count="4"/>
        <line num="78" type="stmt" count="4"/>
        <line num="79" type="stmt" count="4"/>
        <line num="80" type="stmt" count="4"/>
        <line num="81" type="stmt" count="4"/>
        <line num="82" type="stmt" count="4"/>
        <line num="83" type="stmt" count="4"/>
        <line num="84" type="stmt" count="4"/>
        <line num="85" type="stmt" count="4"/>
        <line num="86" type="stmt" count="4"/>
        <line num="87" type="stmt" count="4"/>
        <line num="88" type="stmt" count="4"/>
        <line num="89" type="stmt" count="4"/>
        <line num="90" type="stmt" count="4"/>
        <line num="91" type="stmt" count="4"/>
        <line num="92" type="stmt" count="4"/>
        <line num="93" type="stmt" count="4"/>
        <line num="94" type="stmt" count="4"/>
        <line num="95" type="stmt" count="4"/>
        <line num="96" type="stmt" count="4"/>
        <line num="98" type="stmt" count="4"/>
        <line num="99" type="stmt" count="4"/>
        <line num="100" type="stmt" count="4"/>
        <line num="101" type="stmt" count="4"/>
        <line num="102" type="stmt" count="4"/>
        <line num="103" type="stmt" count="4"/>
        <line num="104" type="stmt" count="4"/>
        <line num="105" type="stmt" count="4"/>
        <line num="106" type="stmt" count="4"/>
        <line num="107" type="stmt" count="4"/>
        <line num="108" type="stmt" count="4"/>
        <line num="110" type="stmt" count="4"/>
        <line num="113" type="method" name="create" visibility="public" complexity="1" crap="2" count="0"/>
        <line num="115" type="stmt" count="0"/>
        <line num="117" type="stmt" count="0"/>
        <line num="118" type="stmt" count="0"/>
        <line num="120" type="stmt" count="0"/>
        <line num="123" type="method" name="store" visibility="public" complexity="4" crap="4" count="2"/>
        <line num="125" type="stmt" count="2"/>
        <line num="127" type="stmt" count="2"/>
        <line num="128" type="stmt" count="2"/>
        <line num="129" type="stmt" count="2"/>
[...]
        <line num="132" type="stmt" count="12"/>
        <line num="135" type="method" name="getBreed" visibility="public" complexity="1" crap="1" count="7"/>
        <line num="137" type="stmt" count="7"/>
        <line num="140" type="method" name="getAge" visibility="public" complexity="1" crap="1" count="8"/>
        <line num="142" type="stmt" count="8"/>
        <line num="145" type="method" name="getGender" visibility="public" complexity="1" crap="1" count="7"/>
        <line num="147" type="stmt" count="7"/>
        <line num="150" type="method" name="getWeight" visibility="public" complexity="1" crap="1" count="8"/>
        <line num="152" type="stmt" count="8"/>
        <line num="155" type="method" name="getPhoto" visibility="public" complexity="1" crap="1" count="10"/>
        <line num="157" type="stmt" count="10"/>
        <line num="160" type="method" name="getColor" visibility="public" complexity="1" crap="1" count="5"/>
        <line num="162" type="stmt" count="5"/>
        <line num="165" type="method" name="getSize" visibility="public" complexity="1" crap="1" count="5"/>
        <line num="167" type="stmt" count="5"/>
        <line num="170" type="method" name="getReproductiveStatus" visibility="public" complexity="1" crap="1" count="5"/>
        <line num="172" type="stmt" count="5"/>
        <line num="175" type="method" name="getIsDeceased" visibility="public" complexity="1" crap="1" count="6"/>
        <line num="177" type="stmt" count="6"/>
        <line num="180" type="method" name="getEmotionalSupport" visibility="public" complexity="1" crap="1" count="5"/>
        <line num="182" type="stmt" count="5"/>
        <line num="185" type="method" name="getServiceAnimal" visibility="public" complexity="1" crap="1" count="5"/>
        <line num="187" type="stmt" count="5"/>
        <line num="190" type="method" name="getDiet" visibility="public" complexity="1" crap="1" count="5"/>
        <line num="192" type="stmt" count="5"/>
        <line num="195" type="method" name="getDietQuantity" visibility="public" complexity="1" crap="1" count="5"/>
        <line num="197" type="stmt" count="5"/>
        <line num="200" type="method" name="getDietFrequency" visibility="public" complexity="1" crap="1" count="5"/>
        <line num="202" type="stmt" count="5"/>
        <line num="205" type="method" name="getHousing" visibility="public" complexity="1" crap="1" count="5"/>
        <line num="207" type="stmt" count="5"/>
        <line num="210" type="method" name="getBathFrequency" visibility="public" complexity="1" crap="1" count="5"/>
        <line num="212" type="stmt" count="5"/>
        <line num="215" type="method" name="getBathProducts" visibility="public" complexity="1" crap="1" count="5"/>
        <line num="217" type="stmt" count="5"/>
        <line num="220" type="method" name="getOtherPets" visibility="public" complexity="1" crap="1" count="5"/>
        <line num="222" type="stmt" count="5"/>
        <line num="225" type="method" name="getLastHeat" visibility="public" complexity="1" crap="1" count="5"/>
        <line num="227" type="stmt" count="5"/>
        <line num="230" type="method" name="getAvailableForAdoption" visibility="public" complexity="1" crap="1" count="2"/>
        <line num="232" type="stmt" count="2"/>
        <line num="235" type="method" name="getAdoptionDescription" visibility="public" complexity="1" crap="1" count="2"/>
        <line num="237" type="stmt" count="2"/>
        <line num="241" type="method" name="setUserId" visibility="public" complexity="1" crap="1" count="1"/>
        <line num="243" type="stmt" count="1"/>
        <line num="246" type="method" name="setName" visibility="public" complexity="1" crap="1" count="1"/>
        <line num="248" type="stmt" count="1"/>
        <line num="251" type="method" name="setSpecies" visibility="public" complexity="1" crap="1" count="1"/>
        <line num="253" type="stmt" count="1"/>
        <line num="256" type="method" name="setBreed" visibility="public" complexity="1" crap="1" count="1"/>
        <line num="258" type="stmt" count="1"/>
        <line num="261" type="method" name="setAge" visibility="public" complexity="1" crap="1" count="1"/>
        <line num="263" type="stmt" count="1"/>
        <line num="266" type="method" name="setGender" visibility="public" complexity="1" crap="1" count="1"/>
        <line num="268" type="stmt" count="1"/>
        <line num="271" type="method" name="setWeight" visibility="public" complexity="1" crap="1" count="1"/>
        <line num="273" type="stmt" count="1"/>
        <line num="276" type="method" name="setPhoto" visibility="public" complexity="1" crap="1" count="2"/>
        <line num="278" type="stmt" count="2"/>
        <line num="281" type="method" name="setColor" visibility="public" complexity="1" crap="1" count="1"/>
        <line num="283" type="stmt" count="1"/>
        <line num="286" type="method" name="setSize" visibility="public" complexity="1" crap="1" count="1"/>
        <line num="288" type="stmt" count="1"/>
        <line num="291" type="method" name="setReproductiveStatus" visibility="public" complexity="1" crap="1" count="1"/>
        <line num="293" type="stmt" count="1"/>
        <line num="296" type="method" name="setIsDeceased" visibility="public" complexity="1" crap="1" count="1"/>
        <line num="298" type="stmt" count="1"/>
        <line num="301" type="method" name="setEmotionalSupport" visibility="public" complexity="1" crap="1" count="1"/>
        <line num="303" type="stmt" count="1"/>
        <line num="306" type="method" name="setServiceAnimal" visibility="public" complexity="1" crap="1" count="1"/>
        <line num="308" type="stmt" count="1"/>
        <line num="311" type="method" name="setDiet" visibility="public" complexity="1" crap="1" count="1"/>
        <line num="313" type="stmt" count="1"/>
        <line num="316" type="method" name="setDietQuantity" visibility="public" complexity="1" crap="1" count="1"/>
        <line num="318" type="stmt" count="1"/>
        <line num="321" type="method" name="setDietFrequency" visibility="public" complexity="1" crap="1" count="1"/>
        <line num="323" type="stmt" count="1"/>
        <line num="326" type="method" name="setHousing" visibility="public" complexity="1" crap="1" count="1"/>
        <line num="328" type="stmt" count="1"/>
        <line num="331" type="method" name="setBathFrequency" visibility="public" complexity="1" crap="1" count="1"/>
        <line num="333" type="stmt" count="1"/>
        <line num="336" type="method" name="setBathProducts" visibility="public" complexity="1" crap="1" count="1"/>
        <line num="338" type="stmt" count="1"/>
        <line num="341" type="method" name="setOtherPets" visibility="public" complexity="1" crap="1" count="1"/>
        <line num="343" type="stmt" count="1"/>
        <line num="346" type="method" name="setLastHeat" visibility="public" complexity="1" crap="1" count="1"/>
        <line num="348" type="stmt" count="1"/>
        <line num="351" type="method" name="setAvailableForAdoption" visibility="public" complexity="1" crap="1" count="1"/>
        <line num="353" type="stmt" count="1"/>
        <line num="356" type="method" name="setAdoptionDescription" visibility="public" complexity="1" crap="1" count="1"/>
        <line num="358" type="stmt" count="1"/>
        <metrics loc="361" ncloc="340" classes="1" methods="58" coveredmethods="58" conditionals="0" coveredconditionals="0" statements="58" coveredstatements="58" elements="116" coveredelements="116"/>
      </file>
      <file name="C:\Users\Asus\Desktop\datapet\app\Models\User.php">
        <class name="App\Models\User" namespace="App\Models">
          <metrics complexity="25" methods="25" coveredmethods="11" conditionals="0" coveredconditionals="0" statements="36" coveredstatements="19" elements="61" coveredelements="30"/>
        </class>
        <line num="63" type="method" name="casts" visibility="protected" complexity="1" crap="1" count="140"/>
        <line num="65" type="stmt" count="140"/>
        <line num="66" type="stmt" count="140"/>
        <line num="67" type="stmt" count="140"/>
        <line num="68" type="stmt" count="140"/>
        <line num="71" type="method" name="pets" visibility="public" complexity="1" crap="1" count="4"/>
        <line num="73" type="stmt" count="4"/>
        <line num="76" type="method" name="uploadedMedicalExams" visibility="public" complexity="1" crap="2" count="0"/>
        <line num="78" type="stmt" count="0"/>
        <line num="81" type="method" name="doctorTasks" visibility="public" complexity="1" crap="1" count="5"/>
        <line num="83" type="stmt" count="5"/>
        <line num="87" type="method" name="getId" visibility="public" complexity="1" crap="1" count="9"/>
        <line num="89" type="stmt" count="9"/>
        <line num="92" type="method" name="getName" visibility="public" complexity="1" crap="1" count="7"/>
        <line num="94" type="stmt" count="7"/>
        <line num="97" type="method" name="getLastname" visibility="public" complexity="1" crap="1" count="5"/>
        <line num="99" type="stmt" count="5"/>
        <line num="102" type="method" name="getPhone" visibility="public" complexity="1" crap="1" count="2"/>
        <line num="104" type="stmt" count="2"/>
        <line num="107" type="method" name="getAddress" visibility="public" complexity="1" crap="1" count="2"/>
        <line num="109" type="stmt" count="2"/>
        <line num="112" type="method" name="getSpecialty" visibility="public" complexity="1" crap="2" count="0"/>
        <line num="114" type="stmt" count="0"/>
        <line num="117" type="method" name="getEmail" visibility="public" complexity="1" crap="1" count="2"/>
        <line num="119" type="stmt" count="2"/>
        <line num="122" type="method" name="getStatus" visibility="public" complexity="1" crap="2" count="0"/>
        <line num="124" type="stmt" count="0"/>
        <line num="127" type="method" name="getRole" visibility="public" complexity="1" crap="2" count="0"/>
        <line num="129" type="stmt" count="0"/>
        <line num="132" type="method" name="getCreatedAt" visibility="public" complexity="1" crap="1" count="2"/>
        <line num="134" type="stmt" count="2"/>
        <line num="137" type="method" name="getUpdatedAt" visibility="public" complexity="1" crap="2" count="0"/>
        <line num="139" type="stmt" count="0"/>
        <line num="143" type="method" name="setName" visibility="public" complexity="1" crap="2" count="0"/>
        <line num="145" type="stmt" count="0"/>
        <line num="148" type="method" name="setLastname" visibility="public" complexity="1" crap="2" count="0"/>
        <line num="150" type="stmt" count="0"/>
        <line num="153" type="method" name="setPhone" visibility="public" complexity="1" crap="2" count="0"/>
        <line num="155" type="stmt" count="0"/>
        <line num="158" type="method" name="setAddress" visibility="public" complexity="1" crap="2" count="0"/>
        <line num="160" type="stmt" count="0"/>
        <line num="163" type="method" name="setSpecialty" visibility="public" complexity="1" crap="2" count="0"/>
        <line num="165" type="stmt" count="0"/>
        <line num="168" type="method" name="setEmail" visibility="public" complexity="1" crap="2" count="0"/>
        <line num="170" type="stmt" count="0"/>
        <line num="173" type="method" name="setStatus" visibility="public" complexity="1" crap="2" count="0"/>
        <line num="175" type="stmt" count="0"/>
        <line num="178" type="method" name="setRole" visibility="public" complexity="1" crap="2" count="0"/>
        <line num="180" type="stmt" count="0"/>
        <line num="188" type="method" name="scopeSearchByClient" visibility="public" complexity="1" crap="1" count="1"/>
        <line num="190" type="stmt" count="1"/>
        <line num="191" type="stmt" count="1"/>
        <line num="192" type="stmt" count="1"/>
        <line num="193" type="stmt" count="1"/>
        <line num="194" type="stmt" count="1"/>
        <line num="195" type="stmt" count="1"/>
        <line num="202" type="method" name="scopeSearchByPet" visibility="public" complexity="1" crap="2" count="0"/>
        <line num="204" type="stmt" count="0"/>
        <line num="205" type="stmt" count="0"/>
        <line num="206" type="stmt" count="0"/>
        <line num="207" type="stmt" count="0"/>
        <metrics loc="210" ncloc="168" classes="1" methods="25" coveredmethods="11" conditionals="0" coveredconditionals="0" statements="36" coveredstatements="19" elements="61" coveredelements="30"/>
      </file>
      <file name="C:\Users\Asus\Desktop\datapet\app\Models\Vaccination.php">
        <class name="App\Models\Vaccination" namespace="App\Models">
          <metrics complexity="2" methods="2" coveredmethods="2" conditionals="0" coveredconditionals="0" statements="2" coveredstatements="2" elements="4" coveredelements="4"/>
        </class>
        <line num="24" type="method" name="pet" visibility="public" complexity="1" crap="1" count="7"/>
        <line num="26" type="stmt" count="7"/>
        <line num="29" type="method" name="doctor" visibility="public" complexity="1" crap="1" count="2"/>
        <line num="31" type="stmt" count="2"/>
        <metrics loc="34" ncloc="34" classes="1" methods="2" coveredmethods="2" conditionals="0" coveredconditionals="0" statements="2" coveredstatements="2" elements="4" coveredelements="4"/>
      </file>
      <file name="C:\Users\Asus\Desktop\datapet\app\Models\VaccinationReminder.php">
        <class name="App\Models\VaccinationReminder" namespace="App\Models">
          <metrics complexity="4" methods="4" coveredmethods="4" conditionals="0" coveredconditionals="0" statements="4" coveredstatements="4" elements="8" coveredelements="8"/>
        </class>
        <line num="25" type="method" name="vaccination" visibility="public" complexity="1" crap="1" count="2"/>
        <line num="27" type="stmt" count="2"/>
        <line num="30" type="method" name="medicalOrder" visibility="public" complexity="1" crap="1" count="1"/>
        <line num="32" type="stmt" count="1"/>
        <line num="35" type="method" name="pet" visibility="public" complexity="1" crap="1" count="3"/>
        <line num="37" type="stmt" count="3"/>
        <line num="40" type="method" name="user" visibility="public" complexity="1" crap="1" count="1"/>
        <line num="42" type="stmt" count="1"/>
        <metrics loc="45" ncloc="45" classes="1" methods="4" coveredmethods="4" conditionals="0" coveredconditionals="0" statements="4" coveredstatements="4" elements="8" coveredelements="8"/>
      </file>
    </package>
    <package name="App\Services">
      <file name="C:\Users\Asus\Desktop\datapet\app\Services\VaccinationReminderService.php">
        <class name="App\Services\VaccinationReminderService" namespace="App\Services">
          <metrics complexity="7" methods="2" coveredmethods="1" conditionals="0" coveredconditionals="0" statements="43" coveredstatements="41" elements="45" coveredelements="42"/>
        </class>
        <line num="12" type="method" name="__construct" visibility="public" complexity="1" crap="1" count="9"/>
        <line num="14" type="stmt" count="9"/>
        <line num="22" type="method" name="sendUpcomingReminders" visibility="public" complexity="6" crap="6" count="9"/>
        <line num="24" type="stmt" count="9"/>
        <line num="25" type="stmt" count="9"/>
        <line num="27" type="stmt" count="9"/>
        <line num="28" type="stmt" count="9"/>
        <line num="29" type="stmt" count="9"/>
        <line num="31" type="stmt" count="9"/>
        <line num="33" type="stmt" count="9"/>
        <line num="34" type="stmt" count="6"/>
        <line num="35" type="stmt" count="6"/>
        <line num="36" type="stmt" count="0"/>
        <line num="39" type="stmt" count="6"/>
        <line num="40" type="stmt" count="6"/>
        <line num="41" type="stmt" count="0"/>
        <line num="45" type="stmt" count="6"/>
        <line num="46" type="stmt" count="6"/>
        <line num="47" type="stmt" count="6"/>
        <line num="49" type="stmt" count="6"/>
        <line num="50" type="stmt" count="2"/>
        <line num="53" type="stmt" count="5"/>
        <line num="54" type="stmt" count="5"/>
        <line num="55" type="stmt" count="5"/>
        <line num="56" type="stmt" count="5"/>
        <line num="57" type="stmt" count="5"/>
        <line num="59" type="stmt" count="5"/>
        <line num="60" type="stmt" count="5"/>
        <line num="61" type="stmt" count="5"/>
        <line num="62" type="stmt" count="5"/>
        <line num="63" type="stmt" count="5"/>
        <line num="64" type="stmt" count="5"/>
        <line num="65" type="stmt" count="5"/>
        <line num="68" type="stmt" count="5"/>
        <line num="71" type="stmt" count="5"/>
        <line num="72" type="stmt" count="5"/>
        <line num="73" type="stmt" count="5"/>
        <line num="74" type="stmt" count="5"/>
        <line num="75" type="stmt" count="5"/>
        <line num="76" type="stmt" count="5"/>
        <line num="77" type="stmt" count="5"/>
        <line num="78" type="stmt" count="5"/>
        <line num="79" type="stmt" count="5"/>
        <line num="81" type="stmt" count="5"/>
        <line num="84" type="stmt" count="9"/>
        <metrics loc="87" ncloc="79" classes="1" methods="2" coveredmethods="1" conditionals="0" coveredconditionals="0" statements="43" coveredstatements="41" elements="45" coveredelements="42"/>
      </file>
      <file name="C:\Users\Asus\Desktop\datapet\app\Services\WhatsAppService.php">
        <class name="App\Services\WhatsAppService" namespace="App\Services">
          <metrics complexity="7" methods="2" coveredmethods="1" conditionals="0" coveredconditionals="0" statements="28" coveredstatements="21" elements="30" coveredelements="22"/>
        </class>
        <line num="16" type="method" name="sendMessage" visibility="public" complexity="6" crap="7.16" count="15"/>
        <line num="18" type="stmt" count="15"/>
        <line num="20" type="stmt" count="15"/>
        <line num="21" type="stmt" count="4"/>
        <line num="22" type="stmt" count="4"/>
        <line num="24" type="stmt" count="4"/>
        <line num="25" type="stmt" count="0"/>
        <line num="27" type="stmt" count="0"/>
        <line num="31" type="stmt" count="4"/>
        <line num="34" type="stmt" count="4"/>
        <line num="35" type="stmt" count="4"/>
        <line num="36" type="stmt" count="4"/>
        <line num="37" type="stmt" count="4"/>
        <line num="38" type="stmt" count="4"/>
        <line num="40" type="stmt" count="4"/>
        <line num="41" type="stmt" count="4"/>
        <line num="43" type="stmt" count="4"/>
        <line num="46" type="stmt" count="0"/>
        <line num="48" type="stmt" count="0"/>
        <line num="49" type="stmt" count="0"/>
        <line num="50" type="stmt" count="0"/>
        <line num="52" type="stmt" count="0"/>
        <line num="56" type="stmt" count="11"/>
        <line num="62" type="method" name="logMessage" visibility="protected" complexity="1" crap="1" count="11"/>
        <line num="64" type="stmt" count="11"/>
        <line num="65" type="stmt" count="11"/>
        <line num="66" type="stmt" count="11"/>
        <line num="67" type="stmt" count="11"/>
        <line num="68" type="stmt" count="11"/>
        <line num="70" type="stmt" count="11"/>
        <metrics loc="73" ncloc="63" classes="1" methods="2" coveredmethods="1" conditionals="0" coveredconditionals="0" statements="28" coveredstatements="21" elements="30" coveredelements="22"/>
      </file>
    </package>
    <metrics files="56" loc="4774" ncloc="4380" classes="53" methods="304" coveredmethods="194" conditionals="0" coveredconditionals="0" statements="1771" coveredstatements="1382" elements="2075" coveredelements="1576"/>
  </project>
</coverage>
